{"contracts/MyContracts.sol":{"l":{"10":6,"15":1,"20":2},"path":"/Users/l3oss/Boss/ResearchAndLearning/Github/solidity-project/contracts/MyContracts.sol","s":{"1":6,"2":1,"3":2},"b":{},"f":{"1":6,"2":1,"3":2},"fnMap":{"1":{"name":"constructor","line":9,"loc":{"start":{"line":9,"column":4},"end":{"line":11,"column":4}}},"2":{"name":"changeName","line":14,"loc":{"start":{"line":14,"column":4},"end":{"line":16,"column":4}}},"3":{"name":"getName","line":19,"loc":{"start":{"line":19,"column":4},"end":{"line":21,"column":4}}}},"statementMap":{"1":{"start":{"line":10,"column":8},"end":{"line":10,"column":19}},"2":{"start":{"line":15,"column":8},"end":{"line":15,"column":19}},"3":{"start":{"line":20,"column":8},"end":{"line":20,"column":19}}},"branchMap":{}}}